<?xml version="1.0" encoding="UTF-8"?>
<testng-results skipped="0" failed="0" ignored="0" total="1" passed="1">
  <reporter-output>
  </reporter-output>
  <suite name="Default suite" duration-ms="1000" started-at="2020-03-24T12:54:26 IST" finished-at="2020-03-24T12:54:27 IST">
    <groups>
    </groups>
    <test name="Default test" duration-ms="1000" started-at="2020-03-24T12:54:26 IST" finished-at="2020-03-24T12:54:27 IST">
      <class name="framework.Dataprovider">
        <test-method status="PASS" signature="data()[pri:0, instance:framework.Dataprovider@7a69b07]" name="data" duration-ms="623" started-at="2020-03-24T12:54:26 IST" finished-at="2020-03-24T12:54:27 IST">
          <reporter-output>
          </reporter-output>
        </test-method> <!-- data -->
      </class> <!-- framework.Dataprovider -->
    </test> <!-- Default test -->
  </suite> <!-- Default suite -->
</testng-results>
