-------------------------------------------------------------------------------
Test set: com.qa.test.TestRunner
-------------------------------------------------------------------------------
Tests run: 1, Failures: 1, Errors: 0, Skipped: 0, Time elapsed: 10.103 s <<< FAILURE! - in com.qa.test.TestRunner
feature(com.qa.test.TestRunner)  Time elapsed: 7.582 s  <<< FAILURE!
cucumber.runtime.CucumberException: java.lang.AssertionError: expected [200] but found [404]
Caused by: java.lang.AssertionError: expected [200] but found [404]

