<?xml version="1.0" encoding="UTF-8"?>
<testsuite xmlns:xsi="http://www.w3.org/2001/XMLSchema-instance" xsi:noNamespaceSchemaLocation="https://maven.apache.org/surefire/maven-surefire-plugin/xsd/surefire-test-report.xsd" name="com.qa.test.TestRunner" time="10.103" tests="1" errors="0" skipped="0" failures="1">
  <properties>
[...]
</properties>
  <testcase name="feature" classname="com.qa.test.TestRunner" time="7.582">
    <failure message="java.lang.AssertionError: expected [200] but found [404]" type="cucumber.runtime.CucumberException">cucumber.runtime.CucumberException: java.lang.AssertionError: expected [200] but found [404]
Caused by: java.lang.AssertionError: expected [200] but found [404]
</failure>
    <system-out><![CDATA[Feature: Test CRUD methods in the Rest API
responseBody --->{
  "last_name": "Weyland",
  "id": "7",
  "first_name": "Scott",
  "email": "scott.weyland@gmail.com"
}
StausCode is : 201

  Scenario: Data Upload to a Web service     # RestAPI.feature:3
    Given Set POST data service api endpoint # POST_Request.set_POST_data_service_api_endpoint()
    When User upload data on a project       # POST_Request.user_upload_data_on_a_project()
    Then the server should handle it         # POST_Request.the_server_should_handle_it()
    Then return a success status             # POST_Request.return_a_post_response()
StausCode is : 404

  Scenario: Data update for an existing record     # RestAPI.feature:10
    Given Set PUT data service api endpoint        # PUT_Request.set_PUT_data_service_api_endpoint()
    When User updates existing record in a project # PUT_Request.user_updates_existing_record_in_a_project()
    Then receives a valid status                   # PUT_Request.receives_a_put_response()
      java.lang.AssertionError: expected [200] but found [404]
      	at org.testng.Assert.fail(Assert.java:97)
      	at org.testng.Assert.assertEqualsImpl(Assert.java:136)
      	at org.testng.Assert.assertEquals(Assert.java:118)
      	at org.testng.Assert.assertEquals(Assert.java:839)
      	at org.testng.Assert.assertEquals(Assert.java:849)
      	at stepDefinitions.PUT_Request.receives_a_put_response(PUT_Request.java:45)
      	at ?.Then receives a valid status(RestAPI.feature:13)


  Scenario: Data retrieval from a Web service        # RestAPI.feature:15
    Given Set GET data service api endpoint          # GET_Request.set_GET_data_service_api_endpoint()
    When User want to get information on the project # GET_Request.user_want_to_get_information_on_the_project()
      java.net.UnknownHostException: restapi.demoqa.com
      	at java.net.Inet6AddressImpl.lookupAllHostAddr(Native Method)
      	at java.net.InetAddress$2.lookupAllHostAddr(InetAddress.java:929)
      	at java.net.InetAddress.getAddressesFromNameService(InetAddress.java:1324)
      	at java.net.InetAddress.getAllByName0(InetAddress.java:1277)
      	at java.net.InetAddress.getAllByName(InetAddress.java:1193)
      	at java.net.InetAddress.getAllByName(InetAddress.java:1127)
      	at org.apache.http.impl.conn.SystemDefaultDnsResolver.resolve(SystemDefaultDnsResolver.java:45)
      	at org.apache.http.impl.conn.DefaultClientConnectionOperator.resolveHostname(DefaultClientConnectionOperator.java:262)
      	at org.apache.http.impl.conn.DefaultClientConnectionOperator.openConnection(DefaultClientConnectionOperator.java:161)
      	at org.apache.http.impl.conn.ManagedClientConnectionImpl.open(ManagedClientConnectionImpl.java:328)
      	at org.apache.http.impl.client.DefaultRequestDirector.tryConnect(DefaultRequestDirector.java:612)
      	at org.apache.http.impl.client.DefaultRequestDirector.execute(DefaultRequestDirector.java:447)
      	at org.apache.http.impl.client.AbstractHttpClient.doExecute(AbstractHttpClient.java:884)
      	at org.apache.http.impl.client.CloseableHttpClient.execute(CloseableHttpClient.java:82)
      	at org.apache.http.impl.client.CloseableHttpClient.execute(CloseableHttpClient.java:55)
      	at org.apache.http.client.HttpClient$execute$0.call(Unknown Source)
      	at org.codehaus.groovy.runtime.callsite.CallSiteArray.defaultCall(CallSiteArray.java:47)
      	at org.apache.http.client.HttpClient$execute$0.call(Unknown Source)
      	at io.restassured.internal.RequestSpecificationImpl$RestAssuredHttpBuilder.doRequest(RequestSpecificationImpl.groovy:2054)
      	at io.restassured.internal.http.HTTPBuilder.doRequest(HTTPBuilder.java:494)
      	at io.restassured.internal.http.HTTPBuilder.request(HTTPBuilder.java:451)
      	at io.restassured.internal.http.HTTPBuilder$request$3.call(Unknown Source)
      	at io.restassured.internal.RequestSpecificationImpl.sendHttpRequest(RequestSpecificationImpl.groovy:1450)
      	at sun.reflect.NativeMethodAccessorImpl.invoke0(Native Method)
      	at sun.reflect.NativeMethodAccessorImpl.invoke(NativeMethodAccessorImpl.java:62)
      	at sun.reflect.DelegatingMethodAccessorImpl.invoke(DelegatingMethodAccessorImpl.java:43)
      	at java.lang.reflect.Method.invoke(Method.java:498)
      	at org.codehaus.groovy.reflection.CachedMethod.invoke(CachedMethod.java:101)
      	at groovy.lang.MetaMethod.doMethodInvoke(MetaMethod.java:323)
      	at groovy.lang.MetaClassImpl.invokeMethod(MetaClassImpl.java:1217)
      	at groovy.lang.MetaClassImpl.invokeMethod(MetaClassImpl.java:1041)
      	at groovy.lang.MetaClassImpl.invokeMethod(MetaClassImpl.java:821)
      	at io.restassured.internal.RequestSpecificationImpl.invokeMethod(RequestSpecificationImpl.groovy)
      	at org.codehaus.groovy.runtime.callsite.PogoInterceptableSite.call(PogoInterceptableSite.java:45)
      	at org.codehaus.groovy.runtime.callsite.PogoInterceptableSite.callCurrent(PogoInterceptableSite.java:55)
      	at io.restassured.internal.RequestSpecificationImpl.sendRequest(RequestSpecificationImpl.groovy:1199)
      	at sun.reflect.NativeMethodAccessorImpl.invoke0(Native Method)
      	at sun.reflect.NativeMethodAccessorImpl.invoke(NativeMethodAccessorImpl.java:62)
      	at sun.reflect.DelegatingMethodAccessorImpl.invoke(DelegatingMethodAccessorImpl.java:43)
      	at java.lang.reflect.Method.invoke(Method.java:498)
      	at org.codehaus.groovy.reflection.CachedMethod.invoke(CachedMethod.java:101)
      	at groovy.lang.MetaMethod.doMethodInvoke(MetaMethod.java:323)
      	at groovy.lang.MetaClassImpl.invokeMethod(MetaClassImpl.java:1217)
      	at groovy.lang.MetaClassImpl.invokeMethod(MetaClassImpl.java:1041)
      	at groovy.lang.MetaClassImpl.invokeMethod(MetaClassImpl.java:821)
      	at io.restassured.internal.RequestSpecificationImpl.invokeMethod(RequestSpecificationImpl.groovy)
      	at org.codehaus.groovy.runtime.callsite.PogoInterceptableSite.call(PogoInterceptableSite.java:45)
      	at org.codehaus.groovy.runtime.callsite.AbstractCallSite.call(AbstractCallSite.java:151)
      	at io.restassured.internal.filter.SendRequestFilter.filter(SendRequestFilter.groovy:30)
      	at io.restassured.filter.Filter$filter$0.call(Unknown Source)
      	at org.codehaus.groovy.runtime.callsite.CallSiteArray.defaultCall(CallSiteArray.java:47)
      	at io.restassured.filter.Filter$filter.call(Unknown Source)
      	at io.restassured.internal.filter.FilterContextImpl.next(FilterContextImpl.groovy:72)
      	at io.restassured.filter.time.TimingFilter.filter(TimingFilter.java:56)
      	at io.restassured.filter.Filter$filter.call(Unknown Source)
      	at org.codehaus.groovy.runtime.callsite.CallSiteArray.defaultCall(CallSiteArray.java:47)
      	at io.restassured.filter.Filter$filter$0.call(Unknown Source)
      	at io.restassured.internal.filter.FilterContextImpl.next(FilterContextImpl.groovy:72)
      	at io.restassured.filter.FilterContext$next.call(Unknown Source)
      	at io.restassured.internal.RequestSpecificationImpl.applyPathParamsAndSendRequest(RequestSpecificationImpl.groovy:1654)
      	at sun.reflect.NativeMethodAccessorImpl.invoke0(Native Method)
      	at sun.reflect.NativeMethodAccessorImpl.invoke(NativeMethodAccessorImpl.java:62)
      	at sun.reflect.DelegatingMethodAccessorImpl.invoke(DelegatingMethodAccessorImpl.java:43)
      	at java.lang.reflect.Method.invoke(Method.java:498)
      	at org.codehaus.groovy.reflection.CachedMethod.invoke(CachedMethod.java:101)
      	at groovy.lang.MetaMethod.doMethodInvoke(MetaMethod.java:323)
      	at groovy.lang.MetaClassImpl.invokeMethod(MetaClassImpl.java:1217)
      	at groovy.lang.MetaClassImpl.invokeMethod(MetaClassImpl.java:1041)
      	at groovy.lang.MetaClassImpl.invokeMethod(MetaClassImpl.java:821)
      	at io.restassured.internal.RequestSpecificationImpl.invokeMethod(RequestSpecificationImpl.groovy)
      	at org.codehaus.groovy.runtime.callsite.PogoInterceptableSite.call(PogoInterceptableSite.java:45)
      	at org.codehaus.groovy.runtime.callsite.PogoInterceptableSite.callCurrent(PogoInterceptableSite.java:55)
      	at org.codehaus.groovy.runtime.callsite.AbstractCallSite.callCurrent(AbstractCallSite.java:184)
      	at io.restassured.internal.RequestSpecificationImpl.request(RequestSpecificationImpl.groovy:295)
      	at io.restassured.internal.RequestSpecificationImpl.request(RequestSpecificationImpl.groovy)
      	at sun.reflect.NativeMethodAccessorImpl.invoke0(Native Method)
      	at sun.reflect.NativeMethodAccessorImpl.invoke(NativeMethodAccessorImpl.java:62)
      	at sun.reflect.DelegatingMethodAccessorImpl.invoke(DelegatingMethodAccessorImpl.java:43)
      	at java.lang.reflect.Method.invoke(Method.java:498)
      	at org.codehaus.groovy.reflection.CachedMethod.invoke(CachedMethod.java:101)
      	at groovy.lang.MetaMethod.doMethodInvoke(MetaMethod.java:323)
      	at groovy.lang.MetaClassImpl.invokeMethod(MetaClassImpl.java:1217)
      	at groovy.lang.MetaClassImpl.invokeMethod(MetaClassImpl.java:1041)
      	at groovy.lang.MetaClassImpl.invokeMethod(MetaClassImpl.java:821)
      	at io.restassured.internal.RequestSpecificationImpl.invokeMethod(RequestSpecificationImpl.groovy)
      	at org.codehaus.groovy.runtime.callsite.PogoInterceptableSite.call(PogoInterceptableSite.java:45)
      	at org.codehaus.groovy.runtime.callsite.PogoInterceptableSite.callCurrent(PogoInterceptableSite.java:55)
      	at org.codehaus.groovy.runtime.callsite.AbstractCallSite.callCurrent(AbstractCallSite.java:184)
      	at io.restassured.internal.RequestSpecificationImpl.request(RequestSpecificationImpl.groovy:291)
      	at io.restassured.internal.RequestSpecificationImpl.request(RequestSpecificationImpl.groovy)
      	at stepDefinitions.GET_Request.user_want_to_get_information_on_the_project(GET_Request.java:31)
      	at ?.When User want to get information on the project(RestAPI.feature:17)

    Then the requested data is returned              # GET_Request.the_requested_data_is_returned()
    Then user receives a success status              # GET_Request.receives_a_get_response()
StausCode is : 200

  Scenario: Delete an existing record                 # RestAPI.feature:21
    Given Set DELETE data service api endpoint        # DELETE_Request.set_DELETE_data_service_api_endpoint()
    When User deletes an existing record in a project # DELETE_Request.user_deletes_an_existing_record_in_a_project()
    Then receives a delete status                     # DELETE_Request.receives_a_delete_response()
]]></system-out>
  </testcase>
</testsuite>